<?xml version="1.0" encoding="UTF-8"?>
<!-- Generated by org.testng.reporters.JUnitReportReporter -->
<testsuite hostname="AINLDG4Y3SF2" failures="0" tests="5" name="com.android.patient.testcase.AddDoctorTest" time="224.268" errors="0" timestamp="2022-01-02T00:55:58 IST" skipped="0">
  <testcase classname="com.android.patient.testcase.AddDoctorTest" name="verifySignUpSuccessfully" time="43.472"/>
  <system-out/>
  <testcase classname="com.android.patient.testcase.AddDoctorTest" name="verifyGetStartedButtonInHomeScreen" time="52.012"/>
  <system-out/>
  <testcase classname="com.android.patient.testcase.AddDoctorTest" name="verifyByAddingDoctorandCheckingValidations" time="66.517"/>
  <system-out/>
  <testcase classname="com.android.patient.testcase.AddDoctorTest" name="verifyAddDoctorBttnIsVisibleInMyDoctorSCreen" time="33.265"/>
  <system-out/>
  <testcase classname="com.android.patient.testcase.AddDoctorTest" name="verifyOnClickingExistingDoctorItRedirectsToDoctorProfilePage" time="29.002"/>
  <system-out/>
</testsuite> <!-- com.android.patient.testcase.AddDoctorTest -->
