<?xml version="1.0" encoding="UTF-8"?>
<!-- Generated by org.testng.reporters.JUnitReportReporter -->
<testsuite skipped="0" hostname="DESKTOP-590D11H" name="com.android.testcase.HomeTest" tests="1" failures="0" timestamp="2021-12-02T01:49:02 PST" time="50.543" errors="0">
  <testcase name="verifyNavigationOfLoginScreen" time="50.543" classname="com.android.testcase.HomeTest"/>
  <system-out/>
</testsuite> <!-- com.android.testcase.HomeTest -->
