<?xml version="1.0" encoding="UTF-8"?>
<!-- Generated by org.testng.reporters.JUnitReportReporter -->
<testsuite hostname="AINLDG4Y3SF2" failures="0" tests="17" name="com.android.patient.testcase.ChatTest" time="44.716" errors="1" timestamp="2021-12-31T10:46:13 IST" skipped="16">
  <testcase classname="com.android.patient.testcase.ChatTest" name="resettingApp" time="44.716">
    <error message="An unknown server-side error occurred while processing the command. Original error: Unable to uninstall APK. Original error: Error executing adbExec. Original error: &#039;Command &#039;C:\\Users\\A1046274\\AppData\\Local\\Android\\Sdk\\platform-tools\\adb.exe -P 5037 -s emulator-5554 uninstall com.deardoc.patient&#039; exited with code 1&#039;; Stderr: &#039;&#039;; Code: &#039;1&#039;
Build info: version: &#039;3.141.59&#039;, revision: &#039;e82be7d358&#039;, time: &#039;2018-11-14T08:17:03&#039;
System info: host: &#039;AINLDG4Y3SF2&#039;, ip: &#039;192.168.29.30&#039;, os.name: &#039;Windows 10&#039;, os.arch: &#039;amd64&#039;, os.version: &#039;10.0&#039;, java.version: &#039;15.0.2&#039;
Driver info: io.appium.java_client.android.AndroidDriver
Capabilities {autoGrantPermissions: true, databaseEnabled: false, desired: {autoGrantPermissions: true, deviceName: Pixel3a, otherApps: [&quot;C:\\DearDocNewRepo\\deard..., platformName: android, platformVersion: 11.0, udid: emulator-5554}, deviceApiLevel: 30, deviceManufacturer: Google, deviceModel: sdk_gphone_x86_arm, deviceName: emulator-5554, deviceScreenDensity: 440, deviceScreenSize: 1080x2220, deviceUDID: emulator-5554, javascriptEnabled: true, locationContextEnabled: false, networkConnectionEnabled: true, otherApps: [&quot;C:\\DearDocNewRepo\\deard..., pixelRatio: 2.75, platform: LINUX, platformName: Android, platformVersion: 11, statBarHeight: 66, takesScreenshot: true, udid: emulator-5554, viewportRect: {height: 2022, left: 0, top: 66, width: 1080}, warnings: {}, webStorageEnabled: false}
Session ID: 9def2558-81a8-4502-96d6-1b03c76a5b00" type="org.openqa.selenium.WebDriverException">
      <![CDATA[org.openqa.selenium.WebDriverException: An unknown server-side error occurred while processing the command. Original error: Unable to uninstall APK. Original error: Error executing adbExec. Original error: 'Command 'C:\\Users\\A1046274\\AppData\\Local\\Android\\Sdk\\platform-tools\\adb.exe -P 5037 -s emulator-5554 uninstall com.deardoc.patient' exited with code 1'; Stderr: ''; Code: '1'
Build info: version: '3.141.59', revision: 'e82be7d358', time: '2018-11-14T08:17:03'
System info: host: 'AINLDG4Y3SF2', ip: '192.168.29.30', os.name: 'Windows 10', os.arch: 'amd64', os.version: '10.0', java.version: '15.0.2'
Driver info: io.appium.java_client.android.AndroidDriver
Capabilities {autoGrantPermissions: true, databaseEnabled: false, desired: {autoGrantPermissions: true, deviceName: Pixel3a, otherApps: ["C:\\DearDocNewRepo\\deard..., platformName: android, platformVersion: 11.0, udid: emulator-5554}, deviceApiLevel: 30, deviceManufacturer: Google, deviceModel: sdk_gphone_x86_arm, deviceName: emulator-5554, deviceScreenDensity: 440, deviceScreenSize: 1080x2220, deviceUDID: emulator-5554, javascriptEnabled: true, locationContextEnabled: false, networkConnectionEnabled: true, otherApps: ["C:\\DearDocNewRepo\\deard..., pixelRatio: 2.75, platform: LINUX, platformName: Android, platformVersion: 11, statBarHeight: 66, takesScreenshot: true, udid: emulator-5554, viewportRect: {height: 2022, left: 0, top: 66, width: 1080}, warnings: {}, webStorageEnabled: false}
Session ID: 9def2558-81a8-4502-96d6-1b03c76a5b00
at java.base/jdk.internal.reflect.NativeConstructorAccessorImpl.newInstance0(Native Method)
at java.base/jdk.internal.reflect.NativeConstructorAccessorImpl.newInstance(NativeConstructorAccessorImpl.java:64)
at java.base/jdk.internal.reflect.DelegatingConstructorAccessorImpl.newInstance(DelegatingConstructorAccessorImpl.java:45)
at java.base/java.lang.reflect.Constructor.newInstanceWithCaller(Constructor.java:500)
at java.base/java.lang.reflect.Constructor.newInstance(Constructor.java:481)
at org.openqa.selenium.remote.http.W3CHttpResponseCodec.createException(W3CHttpResponseCodec.java:187)
at org.openqa.selenium.remote.http.W3CHttpResponseCodec.decode(W3CHttpResponseCodec.java:122)
at org.openqa.selenium.remote.http.W3CHttpResponseCodec.decode(W3CHttpResponseCodec.java:49)
at org.openqa.selenium.remote.HttpCommandExecutor.execute(HttpCommandExecutor.java:158)
at io.appium.java_client.remote.AppiumCommandExecutor.execute(AppiumCommandExecutor.java:250)
at org.openqa.selenium.remote.RemoteWebDriver.execute(RemoteWebDriver.java:552)
at io.appium.java_client.DefaultGenericMobileDriver.execute(DefaultGenericMobileDriver.java:41)
at io.appium.java_client.AppiumDriver.execute(AppiumDriver.java:1)
at io.appium.java_client.android.AndroidDriver.execute(AndroidDriver.java:1)
at io.appium.java_client.CommandExecutionHelper.execute(CommandExecutionHelper.java:27)
at io.appium.java_client.InteractsWithApps.removeApp(InteractsWithApps.java:131)
at io.appium.java_client.InteractsWithApps.removeApp(InteractsWithApps.java:115)
at com.android.doctor.testcase.BaseTest.resetPatientApp(BaseTest.java:52)
at com.android.doctor.testcase.BaseTest.resettingApp(BaseTest.java:77)
at java.base/jdk.internal.reflect.NativeMethodAccessorImpl.invoke0(Native Method)
at java.base/jdk.internal.reflect.NativeMethodAccessorImpl.invoke(NativeMethodAccessorImpl.java:64)
at java.base/jdk.internal.reflect.DelegatingMethodAccessorImpl.invoke(DelegatingMethodAccessorImpl.java:43)
at java.base/java.lang.reflect.Method.invoke(Method.java:564)
at org.testng.internal.MethodInvocationHelper.invokeMethod(MethodInvocationHelper.java:133)
at org.testng.internal.MethodInvocationHelper.invokeMethodConsideringTimeout(MethodInvocationHelper.java:62)
at org.testng.internal.ConfigInvoker.invokeConfigurationMethod(ConfigInvoker.java:385)
at org.testng.internal.ConfigInvoker.invokeConfigurations(ConfigInvoker.java:321)
at org.testng.internal.TestMethodWorker.invokeBeforeClassMethods(TestMethodWorker.java:176)
at org.testng.internal.TestMethodWorker.run(TestMethodWorker.java:122)
at java.base/java.util.ArrayList.forEach(ArrayList.java:1511)
at org.testng.TestRunner.privateRun(TestRunner.java:794)
at org.testng.TestRunner.run(TestRunner.java:596)
at org.testng.SuiteRunner.runTest(SuiteRunner.java:377)
at org.testng.SuiteRunner.runSequentially(SuiteRunner.java:371)
at org.testng.SuiteRunner.privateRun(SuiteRunner.java:332)
at org.testng.SuiteRunner.run(SuiteRunner.java:276)
at org.testng.SuiteRunnerWorker.runSuite(SuiteRunnerWorker.java:53)
at org.testng.SuiteRunnerWorker.run(SuiteRunnerWorker.java:96)
at org.testng.TestNG.runSuitesSequentially(TestNG.java:1212)
at org.testng.TestNG.runSuitesLocally(TestNG.java:1134)
at org.testng.TestNG.runSuites(TestNG.java:1063)
at org.testng.TestNG.run(TestNG.java:1031)
at org.testng.remote.AbstractRemoteTestNG.run(AbstractRemoteTestNG.java:115)
at org.testng.remote.RemoteTestNG.initAndRun(RemoteTestNG.java:251)
at org.testng.remote.RemoteTestNG.main(RemoteTestNG.java:77)
]]>
    </error>
  </testcase> <!-- resettingApp -->
  <system-out/>
  <testcase classname="com.android.patient.testcase.ChatTest" name="loginIntoPatientApp" time="0.000">
    <skipped/>
  </testcase> <!-- loginIntoPatientApp -->
  <system-out/>
  <testcase classname="com.android.patient.testcase.ChatTest" name="VerifyTheChatIconInHomePageAndRedirectionOfChatScreenWithUIVerification" time="0.000">
    <skipped/>
  </testcase> <!-- VerifyTheChatIconInHomePageAndRedirectionOfChatScreenWithUIVerification -->
  <system-out/>
  <testcase classname="com.android.patient.testcase.ChatTest" name="VerifyTheUIOfChatListFullScreen" time="0.000">
    <skipped/>
  </testcase> <!-- VerifyTheUIOfChatListFullScreen -->
  <system-out/>
  <testcase classname="com.android.patient.testcase.ChatTest" name="VerifyListOfDoctorsInChatScreen" time="0.000">
    <skipped/>
  </testcase> <!-- VerifyListOfDoctorsInChatScreen -->
  <system-out/>
  <testcase classname="com.android.patient.testcase.ChatTest" name="VerifyByClickingOnAnyChat" time="0.000">
    <skipped/>
  </testcase> <!-- VerifyByClickingOnAnyChat -->
  <system-out/>
  <testcase classname="com.android.patient.testcase.ChatTest" name="VerifyPatientIsOnPersonalChatScreen" time="0.000">
    <skipped/>
  </testcase> <!-- VerifyPatientIsOnPersonalChatScreen -->
  <system-out/>
  <testcase classname="com.android.patient.testcase.ChatTest" name="verifyPaidChatHavePaidButtonOnChatWindow" time="0.000">
    <skipped/>
  </testcase> <!-- verifyPaidChatHavePaidButtonOnChatWindow -->
  <system-out/>
  <testcase classname="com.android.patient.testcase.ChatTest" name="VerifyPatientNotAllowedWithoutPayment" time="0.000">
    <skipped/>
  </testcase> <!-- VerifyPatientNotAllowedWithoutPayment -->
  <system-out/>
  <testcase classname="com.android.patient.testcase.ChatTest" name="VerifyByClickingOnPaidButon" time="0.000">
    <skipped/>
  </testcase> <!-- VerifyByClickingOnPaidButon -->
  <system-out/>
  <testcase classname="com.android.patient.testcase.ChatTest" name="VerifyMakePaymentScreenDetails" time="0.000">
    <skipped/>
  </testcase> <!-- VerifyMakePaymentScreenDetails -->
  <system-out/>
  <testcase classname="com.android.patient.testcase.ChatTest" name="VerifyByClickingOnNeedHelp" time="0.000">
    <skipped/>
  </testcase> <!-- VerifyByClickingOnNeedHelp -->
  <system-out/>
  <testcase classname="com.android.patient.testcase.ChatTest" name="VerifyByCreatinganIssue" time="0.000">
    <skipped/>
  </testcase> <!-- VerifyByCreatinganIssue -->
  <system-out/>
  <testcase classname="com.android.patient.testcase.ChatTest" name="verifyOnClickingPackagesItRedirectToPaymentMethod" time="0.000">
    <skipped/>
  </testcase> <!-- verifyOnClickingPackagesItRedirectToPaymentMethod -->
  <system-out/>
  <testcase classname="com.android.patient.testcase.ChatTest" name="verifyOnSelectingPaymentMethodItRedirectToPaymentGateway" time="0.000">
    <skipped/>
  </testcase> <!-- verifyOnSelectingPaymentMethodItRedirectToPaymentGateway -->
  <system-out/>
  <testcase classname="com.android.patient.testcase.ChatTest" name="verifyFailedPaymentMessageOnPaymentGateway" time="0.000">
    <skipped/>
  </testcase> <!-- verifyFailedPaymentMessageOnPaymentGateway -->
  <system-out/>
  <testcase classname="com.android.patient.testcase.ChatTest" name="verifyPaymentCancelledMessageOnPaymentGateway" time="0.000">
    <skipped/>
  </testcase> <!-- verifyPaymentCancelledMessageOnPaymentGateway -->
  <system-out/>
</testsuite> <!-- com.android.patient.testcase.ChatTest -->
