<?xml version="1.0" encoding="UTF-8"?>
<!-- Generated by org.testng.reporters.JUnitReportReporter -->
<testsuite skipped="0" hostname="DESKTOP-590D11H" name="com.android.testcase.LoginTest" tests="1" failures="0" timestamp="2021-12-02T00:15:07 PST" time="25.684" errors="0">
  <testcase name="verifyNavigationOfLoginScreen" time="25.684" classname="com.android.testcase.LoginTest"/>
  <system-out/>
</testsuite> <!-- com.android.testcase.LoginTest -->
